<?xml version="1.0" encoding="UTF-8"?>
<!-- Generated by org.testng.reporters.JUnitReportReporter -->
<testsuite hostname="mounika-PC" name="com.primus.PrimusExtentReport" tests="1" failures="0" timestamp="12 Jul 2019 10:45:29 GMT" time="14.420" errors="0">
  <testcase name="titleVerification" time="14.420" classname="com.primus.PrimusExtentReport"/>
</testsuite> <!-- com.primus.PrimusExtentReport -->
