<?xml version="1.0" encoding="UTF-8"?>
<!-- Generated by org.testng.reporters.JUnitReportReporter -->
<testsuite hostname="mounika-PC" name="com.primus.AppTest" tests="1" failures="0" timestamp="12 Jul 2019 10:45:29 GMT" time="0.012" errors="0">
  <testcase name="kickStart" time="0.012" classname="com.primus.AppTest"/>
</testsuite> <!-- com.primus.AppTest -->
