<?xml version="1.0" encoding="UTF-8"?>
<!-- Generated by org.testng.reporters.JUnitReportReporter -->
<testsuite hostname="mounika-PC" name="com.primus.AppTest" tests="1" failures="0" timestamp="25 Jul 2019 17:09:56 GMT" time="0.010" errors="0">
  <testcase name="kickStart" time="0.010" classname="com.primus.AppTest"/>
</testsuite> <!-- com.primus.AppTest -->
